<?xml version="1.0" encoding="UTF-8"?>
<testng-results skipped="0" failed="0" ignored="0" total="1" passed="1">
  <reporter-output>
  </reporter-output>
  <suite name="Default suite" duration-ms="138907" started-at="2019-12-13T01:41:54 IST" finished-at="2019-12-13T01:44:12 IST">
    <groups>
    </groups>
    <test name="Default test" duration-ms="138907" started-at="2019-12-13T01:41:54 IST" finished-at="2019-12-13T01:44:12 IST">
      <class name="com.autodesk.crm.campaigntest.LeadTest">
        <test-method status="PASS" signature="configBeforeSuite()[pri:0, instance:com.autodesk.crm.campaigntest.LeadTest@6895a785]" name="configBeforeSuite" is-config="true" duration-ms="186" started-at="2019-12-13T01:41:53 IST" finished-at="2019-12-13T01:41:54 IST">
          <reporter-output>
          </reporter-output>
        </test-method> <!-- configBeforeSuite -->
        <test-method status="PASS" signature="configBeforeClass()[pri:0, instance:com.autodesk.crm.campaigntest.LeadTest@6895a785]" name="configBeforeClass" is-config="true" duration-ms="77940" started-at="2019-12-13T01:41:54 IST" finished-at="2019-12-13T01:43:12 IST">
          <reporter-output>
          </reporter-output>
        </test-method> <!-- configBeforeClass -->
        <test-method status="PASS" signature="configBeforeMethod()[pri:0, instance:com.autodesk.crm.campaigntest.LeadTest@6895a785]" name="configBeforeMethod" is-config="true" duration-ms="24156" started-at="2019-12-13T01:43:12 IST" finished-at="2019-12-13T01:43:36 IST">
          <reporter-output>
          </reporter-output>
        </test-method> <!-- configBeforeMethod -->
        <test-method status="PASS" signature="createLead()[pri:0, instance:com.autodesk.crm.campaigntest.LeadTest@6895a785]" name="createLead" duration-ms="33185" started-at="2019-12-13T01:43:36 IST" finished-at="2019-12-13T01:44:09 IST">
          <reporter-output>
          </reporter-output>
        </test-method> <!-- createLead -->
        <test-method status="PASS" signature="configAfterMethod()[pri:0, instance:com.autodesk.crm.campaigntest.LeadTest@6895a785]" name="configAfterMethod" is-config="true" duration-ms="2361" started-at="2019-12-13T01:44:09 IST" finished-at="2019-12-13T01:44:12 IST">
          <reporter-output>
          </reporter-output>
        </test-method> <!-- configAfterMethod -->
        <test-method status="PASS" signature="configafterClass()[pri:0, instance:com.autodesk.crm.campaigntest.LeadTest@6895a785]" name="configafterClass" is-config="true" duration-ms="898" started-at="2019-12-13T01:44:12 IST" finished-at="2019-12-13T01:44:12 IST">
          <reporter-output>
          </reporter-output>
        </test-method> <!-- configafterClass -->
        <test-method status="PASS" signature="configAfterSuite()[pri:0, instance:com.autodesk.crm.campaigntest.LeadTest@6895a785]" name="configAfterSuite" is-config="true" duration-ms="0" started-at="2019-12-13T01:44:14 IST" finished-at="2019-12-13T01:44:14 IST">
          <reporter-output>
          </reporter-output>
        </test-method> <!-- configAfterSuite -->
      </class> <!-- com.autodesk.crm.campaigntest.LeadTest -->
    </test> <!-- Default test -->
  </suite> <!-- Default suite -->
</testng-results>
